<?xml version="1.0" encoding="UTF-8"?>
<!-- Generated by org.testng.reporters.JUnitReportReporter -->
<testsuite skipped="0" hostname="lenovo" name="com.spotify.oauth2.tests.PlaylistTests" tests="5" failures="0" timestamp="2021-09-01T16:52:28 IST" time="67.148" errors="0">
  <testcase name="ShouldNotBeAbleToCreateAPlaylistWithName" time="13.588" classname="com.spotify.oauth2.tests.PlaylistTests"/>
  <system-out/>
  <testcase name="ShouldNotBeAbleToCreateAPlaylistWithExpiredToken" time="10.247" classname="com.spotify.oauth2.tests.PlaylistTests"/>
  <system-out/>
  <testcase name="ShouldBeAbleToCreateAPlaylist" time="14.733" classname="com.spotify.oauth2.tests.PlaylistTests"/>
  <system-out/>
  <testcase name="ShouldBeAbleToGetAPlaylist" time="14.916" classname="com.spotify.oauth2.tests.PlaylistTests"/>
  <system-out/>
  <testcase name="ShouldBeAbleToUpdateAPlaylist" time="13.664" classname="com.spotify.oauth2.tests.PlaylistTests"/>
  <system-out/>
</testsuite> <!-- com.spotify.oauth2.tests.PlaylistTests -->
